{"C:\\Users\\axelh\\Desktop\\ggg\\www\\src\\data\\GameData.js": {"path":"C:\\Users\\axelh\\Desktop\\ggg\\www\\src\\data\\GameData.js","statementMap":{"0":{"start":{"line":1,"column":25},"end":{"line":24,"column":1}}},"fnMap":{},"branchMap":{},"s":{"0":1},"f":{},"b":{},"_coverageSchema":"1a1c01bbd47fc00a2c39e90264f33305004495a9","hash":"46962636f2e8693f8c942df05524df22b4ad4457"}
,"C:\\Users\\axelh\\Desktop\\ggg\\www\\src\\data\\config.js": {"path":"C:\\Users\\axelh\\Desktop\\ggg\\www\\src\\data\\config.js","statementMap":{"0":{"start":{"line":1,"column":22},"end":{"line":120,"column":1}},"1":{"start":{"line":30,"column":12},"end":{"line":30,"column":68}},"2":{"start":{"line":33,"column":12},"end":{"line":33,"column":70}},"3":{"start":{"line":36,"column":12},"end":{"line":36,"column":67}},"4":{"start":{"line":39,"column":12},"end":{"line":39,"column":63}},"5":{"start":{"line":47,"column":27},"end":{"line":47,"column":81}},"6":{"start":{"line":48,"column":12},"end":{"line":48,"column":42}},"7":{"start":{"line":49,"column":12},"end":{"line":49,"column":46}},"8":{"start":{"line":54,"column":12},"end":{"line":54,"column":32}},"9":{"start":{"line":57,"column":12},"end":{"line":57,"column":36}},"10":{"start":{"line":60,"column":12},"end":{"line":60,"column":34}},"11":{"start":{"line":63,"column":12},"end":{"line":63,"column":38}},"12":{"start":{"line":66,"column":12},"end":{"line":66,"column":31}},"13":{"start":{"line":69,"column":12},"end":{"line":69,"column":35}},"14":{"start":{"line":75,"column":8},"end":{"line":88,"column":10}}},"fnMap":{"0":{"name":"(anonymous_0)","decl":{"start":{"line":29,"column":8},"end":{"line":29,"column":9}},"loc":{"start":{"line":29,"column":26},"end":{"line":31,"column":9}},"line":29},"1":{"name":"(anonymous_1)","decl":{"start":{"line":32,"column":8},"end":{"line":32,"column":9}},"loc":{"start":{"line":32,"column":28},"end":{"line":34,"column":9}},"line":32},"2":{"name":"(anonymous_2)","decl":{"start":{"line":35,"column":8},"end":{"line":35,"column":9}},"loc":{"start":{"line":35,"column":25},"end":{"line":37,"column":9}},"line":35},"3":{"name":"(anonymous_3)","decl":{"start":{"line":38,"column":8},"end":{"line":38,"column":9}},"loc":{"start":{"line":38,"column":21},"end":{"line":40,"column":9}},"line":38},"4":{"name":"(anonymous_4)","decl":{"start":{"line":46,"column":8},"end":{"line":46,"column":9}},"loc":{"start":{"line":46,"column":34},"end":{"line":50,"column":9}},"line":46},"5":{"name":"(anonymous_5)","decl":{"start":{"line":53,"column":8},"end":{"line":53,"column":9}},"loc":{"start":{"line":53,"column":22},"end":{"line":55,"column":9}},"line":53},"6":{"name":"(anonymous_6)","decl":{"start":{"line":56,"column":8},"end":{"line":56,"column":9}},"loc":{"start":{"line":56,"column":25},"end":{"line":58,"column":9}},"line":56},"7":{"name":"(anonymous_7)","decl":{"start":{"line":59,"column":8},"end":{"line":59,"column":9}},"loc":{"start":{"line":59,"column":24},"end":{"line":61,"column":9}},"line":59},"8":{"name":"(anonymous_8)","decl":{"start":{"line":62,"column":8},"end":{"line":62,"column":9}},"loc":{"start":{"line":62,"column":27},"end":{"line":64,"column":9}},"line":62},"9":{"name":"(anonymous_9)","decl":{"start":{"line":65,"column":8},"end":{"line":65,"column":9}},"loc":{"start":{"line":65,"column":21},"end":{"line":67,"column":9}},"line":65},"10":{"name":"(anonymous_10)","decl":{"start":{"line":68,"column":8},"end":{"line":68,"column":9}},"loc":{"start":{"line":68,"column":24},"end":{"line":70,"column":9}},"line":68},"11":{"name":"(anonymous_11)","decl":{"start":{"line":74,"column":4},"end":{"line":74,"column":5}},"loc":{"start":{"line":74,"column":17},"end":{"line":89,"column":5}},"line":74}},"branchMap":{"0":{"loc":{"start":{"line":47,"column":27},"end":{"line":47,"column":81}},"type":"binary-expr","locations":[{"start":{"line":47,"column":27},"end":{"line":47,"column":53}},{"start":{"line":47,"column":57},"end":{"line":47,"column":81}}],"line":47}},"s":{"0":1,"1":2,"2":2,"3":2,"4":1,"5":0,"6":0,"7":0,"8":1,"9":1,"10":1,"11":1,"12":1,"13":1,"14":0},"f":{"0":2,"1":2,"2":2,"3":1,"4":0,"5":1,"6":1,"7":1,"8":1,"9":1,"10":1,"11":0},"b":{"0":[0,0]},"_coverageSchema":"1a1c01bbd47fc00a2c39e90264f33305004495a9","hash":"d7e52820dca616566c99905405421ed0767cf5e2"}
,"C:\\Users\\axelh\\Desktop\\ggg\\www\\src\\managers\\AudioManager.js": {"path":"C:\\Users\\axelh\\Desktop\\ggg\\www\\src\\managers\\AudioManager.js","statementMap":{"0":{"start":{"line":3,"column":28},"end":{"line":54,"column":1}},"1":{"start":{"line":11,"column":27},"end":{"line":11,"column":64}},"2":{"start":{"line":12,"column":25},"end":{"line":12,"column":60}},"3":{"start":{"line":13,"column":8},"end":{"line":13,"column":52}},"4":{"start":{"line":14,"column":8},"end":{"line":14,"column":48}},"5":{"start":{"line":18,"column":8},"end":{"line":18,"column":35}},"6":{"start":{"line":19,"column":8},"end":{"line":19,"column":40}},"7":{"start":{"line":20,"column":8},"end":{"line":22,"column":9}},"8":{"start":{"line":21,"column":12},"end":{"line":21,"column":38}},"9":{"start":{"line":26,"column":8},"end":{"line":26,"column":33}},"10":{"start":{"line":27,"column":8},"end":{"line":27,"column":38}},"11":{"start":{"line":31,"column":8},"end":{"line":31,"column":75}},"12":{"start":{"line":31,"column":68},"end":{"line":31,"column":75}},"13":{"start":{"line":33,"column":8},"end":{"line":33,"column":38}},"14":{"start":{"line":33,"column":22},"end":{"line":33,"column":38}},"15":{"start":{"line":35,"column":8},"end":{"line":39,"column":11}},"16":{"start":{"line":40,"column":8},"end":{"line":40,"column":24}},"17":{"start":{"line":41,"column":8},"end":{"line":41,"column":24}},"18":{"start":{"line":45,"column":8},"end":{"line":48,"column":11}},"19":{"start":{"line":52,"column":8},"end":{"line":52,"column":38}},"20":{"start":{"line":52,"column":22},"end":{"line":52,"column":38}}},"fnMap":{"0":{"name":"(anonymous_0)","decl":{"start":{"line":10,"column":4},"end":{"line":10,"column":5}},"loc":{"start":{"line":10,"column":23},"end":{"line":15,"column":5}},"line":10},"1":{"name":"(anonymous_1)","decl":{"start":{"line":17,"column":4},"end":{"line":17,"column":5}},"loc":{"start":{"line":17,"column":26},"end":{"line":23,"column":5}},"line":17},"2":{"name":"(anonymous_2)","decl":{"start":{"line":25,"column":4},"end":{"line":25,"column":5}},"loc":{"start":{"line":25,"column":24},"end":{"line":28,"column":5}},"line":25},"3":{"name":"(anonymous_3)","decl":{"start":{"line":30,"column":4},"end":{"line":30,"column":5}},"loc":{"start":{"line":30,"column":40},"end":{"line":42,"column":5}},"line":30},"4":{"name":"(anonymous_4)","decl":{"start":{"line":44,"column":4},"end":{"line":44,"column":5}},"loc":{"start":{"line":44,"column":38},"end":{"line":49,"column":5}},"line":44},"5":{"name":"(anonymous_5)","decl":{"start":{"line":51,"column":4},"end":{"line":51,"column":5}},"loc":{"start":{"line":51,"column":16},"end":{"line":53,"column":5}},"line":51}},"branchMap":{"0":{"loc":{"start":{"line":20,"column":8},"end":{"line":22,"column":9}},"type":"if","locations":[{"start":{"line":20,"column":8},"end":{"line":22,"column":9}},{"start":{},"end":{}}],"line":20},"1":{"loc":{"start":{"line":30,"column":26},"end":{"line":30,"column":38}},"type":"default-arg","locations":[{"start":{"line":30,"column":36},"end":{"line":30,"column":38}}],"line":30},"2":{"loc":{"start":{"line":31,"column":8},"end":{"line":31,"column":75}},"type":"if","locations":[{"start":{"line":31,"column":8},"end":{"line":31,"column":75}},{"start":{},"end":{}}],"line":31},"3":{"loc":{"start":{"line":31,"column":12},"end":{"line":31,"column":66}},"type":"binary-expr","locations":[{"start":{"line":31,"column":12},"end":{"line":31,"column":20}},{"start":{"line":31,"column":24},"end":{"line":31,"column":44}},{"start":{"line":31,"column":48},"end":{"line":31,"column":66}}],"line":31},"4":{"loc":{"start":{"line":33,"column":8},"end":{"line":33,"column":38}},"type":"if","locations":[{"start":{"line":33,"column":8},"end":{"line":33,"column":38}},{"start":{},"end":{}}],"line":33},"5":{"loc":{"start":{"line":44,"column":24},"end":{"line":44,"column":36}},"type":"default-arg","locations":[{"start":{"line":44,"column":34},"end":{"line":44,"column":36}}],"line":44},"6":{"loc":{"start":{"line":52,"column":8},"end":{"line":52,"column":38}},"type":"if","locations":[{"start":{"line":52,"column":8},"end":{"line":52,"column":38}},{"start":{},"end":{}}],"line":52}},"s":{"0":1,"1":2,"2":2,"3":2,"4":2,"5":3,"6":3,"7":3,"8":1,"9":1,"10":1,"11":4,"12":1,"13":3,"14":1,"15":3,"16":3,"17":3,"18":2,"19":2,"20":1},"f":{"0":2,"1":3,"2":1,"3":4,"4":2,"5":2},"b":{"0":[1,2],"1":[3],"2":[1,3],"3":[4,2,1],"4":[1,2],"5":[1],"6":[1,1]},"_coverageSchema":"1a1c01bbd47fc00a2c39e90264f33305004495a9","hash":"33133b45d75567642098a591db6b5d2320da44e6"}
,"C:\\Users\\axelh\\Desktop\\ggg\\www\\src\\managers\\CampaignManager.js": {"path":"C:\\Users\\axelh\\Desktop\\ggg\\www\\src\\managers\\CampaignManager.js","statementMap":{"0":{"start":{"line":3,"column":31},"end":{"line":95,"column":1}},"1":{"start":{"line":23,"column":8},"end":{"line":23,"column":21}},"2":{"start":{"line":27,"column":8},"end":{"line":27,"column":35}},"3":{"start":{"line":28,"column":8},"end":{"line":28,"column":36}},"4":{"start":{"line":29,"column":8},"end":{"line":29,"column":33}},"5":{"start":{"line":30,"column":8},"end":{"line":30,"column":50}},"6":{"start":{"line":34,"column":8},"end":{"line":34,"column":36}},"7":{"start":{"line":35,"column":8},"end":{"line":35,"column":21}},"8":{"start":{"line":39,"column":8},"end":{"line":39,"column":36}},"9":{"start":{"line":40,"column":8},"end":{"line":40,"column":36}},"10":{"start":{"line":41,"column":8},"end":{"line":41,"column":33}},"11":{"start":{"line":49,"column":8},"end":{"line":49,"column":46}},"12":{"start":{"line":49,"column":34},"end":{"line":49,"column":46}},"13":{"start":{"line":51,"column":8},"end":{"line":51,"column":31}},"14":{"start":{"line":52,"column":8},"end":{"line":52,"column":87}},"15":{"start":{"line":54,"column":8},"end":{"line":56,"column":9}},"16":{"start":{"line":55,"column":12},"end":{"line":55,"column":39}},"17":{"start":{"line":58,"column":8},"end":{"line":58,"column":72}},"18":{"start":{"line":62,"column":8},"end":{"line":62,"column":46}},"19":{"start":{"line":62,"column":34},"end":{"line":62,"column":46}},"20":{"start":{"line":64,"column":8},"end":{"line":64,"column":33}},"21":{"start":{"line":65,"column":8},"end":{"line":65,"column":91}},"22":{"start":{"line":66,"column":8},"end":{"line":66,"column":73}},"23":{"start":{"line":71,"column":8},"end":{"line":71,"column":34}},"24":{"start":{"line":72,"column":8},"end":{"line":72,"column":33}},"25":{"start":{"line":74,"column":8},"end":{"line":77,"column":9}},"26":{"start":{"line":75,"column":12},"end":{"line":75,"column":54}},"27":{"start":{"line":76,"column":12},"end":{"line":76,"column":51}},"28":{"start":{"line":79,"column":8},"end":{"line":82,"column":10}},"29":{"start":{"line":88,"column":8},"end":{"line":88,"column":46}},"30":{"start":{"line":88,"column":34},"end":{"line":88,"column":46}},"31":{"start":{"line":89,"column":8},"end":{"line":89,"column":52}},"32":{"start":{"line":93,"column":8},"end":{"line":93,"column":35}}},"fnMap":{"0":{"name":"(anonymous_0)","decl":{"start":{"line":19,"column":4},"end":{"line":19,"column":5}},"loc":{"start":{"line":19,"column":11},"end":{"line":24,"column":5}},"line":19},"1":{"name":"(anonymous_1)","decl":{"start":{"line":26,"column":4},"end":{"line":26,"column":5}},"loc":{"start":{"line":26,"column":20},"end":{"line":31,"column":5}},"line":26},"2":{"name":"(anonymous_2)","decl":{"start":{"line":33,"column":4},"end":{"line":33,"column":5}},"loc":{"start":{"line":33,"column":19},"end":{"line":36,"column":5}},"line":33},"3":{"name":"(anonymous_3)","decl":{"start":{"line":38,"column":4},"end":{"line":38,"column":5}},"loc":{"start":{"line":38,"column":12},"end":{"line":44,"column":5}},"line":38},"4":{"name":"(anonymous_4)","decl":{"start":{"line":48,"column":4},"end":{"line":48,"column":5}},"loc":{"start":{"line":48,"column":18},"end":{"line":59,"column":5}},"line":48},"5":{"name":"(anonymous_5)","decl":{"start":{"line":61,"column":4},"end":{"line":61,"column":5}},"loc":{"start":{"line":61,"column":19},"end":{"line":67,"column":5}},"line":61},"6":{"name":"(anonymous_6)","decl":{"start":{"line":69,"column":4},"end":{"line":69,"column":5}},"loc":{"start":{"line":69,"column":25},"end":{"line":83,"column":5}},"line":69},"7":{"name":"(anonymous_7)","decl":{"start":{"line":87,"column":4},"end":{"line":87,"column":5}},"loc":{"start":{"line":87,"column":23},"end":{"line":90,"column":5}},"line":87},"8":{"name":"(anonymous_8)","decl":{"start":{"line":92,"column":4},"end":{"line":92,"column":5}},"loc":{"start":{"line":92,"column":15},"end":{"line":94,"column":5}},"line":92}},"branchMap":{"0":{"loc":{"start":{"line":49,"column":8},"end":{"line":49,"column":46}},"type":"if","locations":[{"start":{"line":49,"column":8},"end":{"line":49,"column":46}},{"start":{},"end":{}}],"line":49},"1":{"loc":{"start":{"line":54,"column":8},"end":{"line":56,"column":9}},"type":"if","locations":[{"start":{"line":54,"column":8},"end":{"line":56,"column":9}},{"start":{},"end":{}}],"line":54},"2":{"loc":{"start":{"line":62,"column":8},"end":{"line":62,"column":46}},"type":"if","locations":[{"start":{"line":62,"column":8},"end":{"line":62,"column":46}},{"start":{},"end":{}}],"line":62},"3":{"loc":{"start":{"line":74,"column":8},"end":{"line":77,"column":9}},"type":"if","locations":[{"start":{"line":74,"column":8},"end":{"line":77,"column":9}},{"start":{},"end":{}}],"line":74},"4":{"loc":{"start":{"line":88,"column":8},"end":{"line":88,"column":46}},"type":"if","locations":[{"start":{"line":88,"column":8},"end":{"line":88,"column":46}},{"start":{},"end":{}}],"line":88}},"s":{"0":1,"1":1,"2":10,"3":10,"4":10,"5":10,"6":1,"7":1,"8":3,"9":3,"10":3,"11":6,"12":1,"13":5,"14":5,"15":5,"16":3,"17":2,"18":2,"19":1,"20":1,"21":1,"22":1,"23":3,"24":3,"25":3,"26":1,"27":1,"28":2,"29":2,"30":1,"31":1,"32":2},"f":{"0":1,"1":10,"2":1,"3":3,"4":6,"5":2,"6":3,"7":2,"8":2},"b":{"0":[1,5],"1":[3,2],"2":[1,1],"3":[1,2],"4":[1,1]},"_coverageSchema":"1a1c01bbd47fc00a2c39e90264f33305004495a9","hash":"50c109b5cd6b2dae341a651e82aec8252125b314"}
,"C:\\Users\\axelh\\Desktop\\ggg\\www\\src\\managers\\CombatManager.js": {"path":"C:\\Users\\axelh\\Desktop\\ggg\\www\\src\\managers\\CombatManager.js","statementMap":{"0":{"start":{"line":4,"column":29},"end":{"line":58,"column":1}},"1":{"start":{"line":12,"column":8},"end":{"line":21,"column":9}},"2":{"start":{"line":13,"column":12},"end":{"line":20,"column":14}},"3":{"start":{"line":23,"column":8},"end":{"line":32,"column":9}},"4":{"start":{"line":24,"column":12},"end":{"line":31,"column":14}},"5":{"start":{"line":34,"column":8},"end":{"line":47,"column":9}},"6":{"start":{"line":39,"column":12},"end":{"line":46,"column":14}},"7":{"start":{"line":49,"column":8},"end":{"line":56,"column":10}}},"fnMap":{"0":{"name":"(anonymous_0)","decl":{"start":{"line":11,"column":4},"end":{"line":11,"column":5}},"loc":{"start":{"line":11,"column":44},"end":{"line":57,"column":5}},"line":11}},"branchMap":{"0":{"loc":{"start":{"line":12,"column":8},"end":{"line":21,"column":9}},"type":"if","locations":[{"start":{"line":12,"column":8},"end":{"line":21,"column":9}},{"start":{},"end":{}}],"line":12},"1":{"loc":{"start":{"line":23,"column":8},"end":{"line":32,"column":9}},"type":"if","locations":[{"start":{"line":23,"column":8},"end":{"line":32,"column":9}},{"start":{},"end":{}}],"line":23},"2":{"loc":{"start":{"line":34,"column":8},"end":{"line":47,"column":9}},"type":"if","locations":[{"start":{"line":34,"column":8},"end":{"line":47,"column":9}},{"start":{},"end":{}}],"line":34},"3":{"loc":{"start":{"line":35,"column":12},"end":{"line":37,"column":51}},"type":"binary-expr","locations":[{"start":{"line":35,"column":13},"end":{"line":35,"column":31}},{"start":{"line":35,"column":35},"end":{"line":35,"column":50}},{"start":{"line":36,"column":13},"end":{"line":36,"column":31}},{"start":{"line":36,"column":35},"end":{"line":36,"column":50}},{"start":{"line":37,"column":13},"end":{"line":37,"column":31}},{"start":{"line":37,"column":35},"end":{"line":37,"column":50}}],"line":35}},"s":{"0":1,"1":4,"2":1,"3":3,"4":1,"5":2,"6":1,"7":1},"f":{"0":4},"b":{"0":[1,3],"1":[1,2],"2":[1,1],"3":[2,2,1,0,1,0]},"_coverageSchema":"1a1c01bbd47fc00a2c39e90264f33305004495a9","hash":"ed79a11df9ef8e5922b5df52798cd2c17c031f6a"}
,"C:\\Users\\axelh\\Desktop\\ggg\\www\\src\\managers\\DataManager.js": {"path":"C:\\Users\\axelh\\Desktop\\ggg\\www\\src\\managers\\DataManager.js","statementMap":{"0":{"start":{"line":36,"column":13},"end":{"line":52,"column":1}},"1":{"start":{"line":54,"column":27},"end":{"line":439,"column":1}},"2":{"start":{"line":100,"column":8},"end":{"line":100,"column":76}},"3":{"start":{"line":101,"column":8},"end":{"line":101,"column":95}},"4":{"start":{"line":102,"column":8},"end":{"line":102,"column":93}},"5":{"start":{"line":103,"column":8},"end":{"line":106,"column":10}},"6":{"start":{"line":107,"column":8},"end":{"line":107,"column":73}},"7":{"start":{"line":110,"column":8},"end":{"line":110,"column":80}},"8":{"start":{"line":111,"column":8},"end":{"line":111,"column":78}},"9":{"start":{"line":112,"column":8},"end":{"line":112,"column":72}},"10":{"start":{"line":113,"column":8},"end":{"line":113,"column":70}},"11":{"start":{"line":114,"column":8},"end":{"line":114,"column":68}},"12":{"start":{"line":115,"column":8},"end":{"line":115,"column":80}},"13":{"start":{"line":118,"column":8},"end":{"line":118,"column":79}},"14":{"start":{"line":119,"column":8},"end":{"line":119,"column":75}},"15":{"start":{"line":120,"column":8},"end":{"line":120,"column":81}},"16":{"start":{"line":121,"column":8},"end":{"line":121,"column":85}},"17":{"start":{"line":123,"column":8},"end":{"line":123,"column":49}},"18":{"start":{"line":137,"column":26},"end":{"line":137,"column":82}},"19":{"start":{"line":138,"column":8},"end":{"line":138,"column":38}},"20":{"start":{"line":139,"column":8},"end":{"line":139,"column":55}},"21":{"start":{"line":148,"column":8},"end":{"line":148,"column":39}},"22":{"start":{"line":149,"column":8},"end":{"line":149,"column":56}},"23":{"start":{"line":158,"column":8},"end":{"line":158,"column":37}},"24":{"start":{"line":159,"column":8},"end":{"line":159,"column":54}},"25":{"start":{"line":168,"column":8},"end":{"line":168,"column":37}},"26":{"start":{"line":169,"column":8},"end":{"line":169,"column":54}},"27":{"start":{"line":178,"column":8},"end":{"line":182,"column":9}},"28":{"start":{"line":179,"column":12},"end":{"line":179,"column":44}},"29":{"start":{"line":180,"column":12},"end":{"line":180,"column":55}},"30":{"start":{"line":181,"column":12},"end":{"line":181,"column":24}},"31":{"start":{"line":183,"column":8},"end":{"line":183,"column":21}},"32":{"start":{"line":194,"column":8},"end":{"line":194,"column":41}},"33":{"start":{"line":195,"column":8},"end":{"line":195,"column":50}},"34":{"start":{"line":204,"column":8},"end":{"line":204,"column":40}},"35":{"start":{"line":205,"column":8},"end":{"line":205,"column":50}},"36":{"start":{"line":206,"column":8},"end":{"line":206,"column":45}},"37":{"start":{"line":215,"column":8},"end":{"line":215,"column":38}},"38":{"start":{"line":216,"column":8},"end":{"line":216,"column":48}},"39":{"start":{"line":225,"column":8},"end":{"line":225,"column":40}},"40":{"start":{"line":226,"column":8},"end":{"line":226,"column":49}},"41":{"start":{"line":235,"column":8},"end":{"line":235,"column":38}},"42":{"start":{"line":236,"column":8},"end":{"line":236,"column":48}},"43":{"start":{"line":245,"column":8},"end":{"line":245,"column":46}},"44":{"start":{"line":246,"column":8},"end":{"line":246,"column":52}},"45":{"start":{"line":257,"column":8},"end":{"line":257,"column":44}},"46":{"start":{"line":258,"column":8},"end":{"line":258,"column":55}},"47":{"start":{"line":267,"column":8},"end":{"line":267,"column":38}},"48":{"start":{"line":268,"column":8},"end":{"line":268,"column":49}},"49":{"start":{"line":277,"column":8},"end":{"line":277,"column":41}},"50":{"start":{"line":278,"column":8},"end":{"line":278,"column":52}},"51":{"start":{"line":287,"column":8},"end":{"line":287,"column":48}},"52":{"start":{"line":288,"column":8},"end":{"line":288,"column":59}},"53":{"start":{"line":299,"column":26},"end":{"line":299,"column":56}},"54":{"start":{"line":300,"column":8},"end":{"line":300,"column":47}},"55":{"start":{"line":301,"column":8},"end":{"line":301,"column":58}},"56":{"start":{"line":303,"column":28},"end":{"line":303,"column":63}},"57":{"start":{"line":304,"column":8},"end":{"line":304,"column":63}},"58":{"start":{"line":313,"column":8},"end":{"line":313,"column":39}},"59":{"start":{"line":314,"column":8},"end":{"line":314,"column":50}},"60":{"start":{"line":323,"column":8},"end":{"line":323,"column":30}},"61":{"start":{"line":324,"column":8},"end":{"line":324,"column":50}},"62":{"start":{"line":335,"column":8},"end":{"line":335,"column":33}},"63":{"start":{"line":342,"column":8},"end":{"line":342,"column":36}},"64":{"start":{"line":349,"column":8},"end":{"line":349,"column":35}},"65":{"start":{"line":356,"column":8},"end":{"line":356,"column":35}},"66":{"start":{"line":363,"column":8},"end":{"line":363,"column":39}},"67":{"start":{"line":372,"column":8},"end":{"line":372,"column":40}},"68":{"start":{"line":379,"column":8},"end":{"line":379,"column":37}},"69":{"start":{"line":386,"column":8},"end":{"line":386,"column":37}},"70":{"start":{"line":393,"column":8},"end":{"line":393,"column":37}},"71":{"start":{"line":400,"column":8},"end":{"line":400,"column":35}},"72":{"start":{"line":407,"column":8},"end":{"line":407,"column":43}},"73":{"start":{"line":416,"column":8},"end":{"line":416,"column":42}},"74":{"start":{"line":423,"column":8},"end":{"line":423,"column":38}},"75":{"start":{"line":430,"column":8},"end":{"line":430,"column":41}},"76":{"start":{"line":437,"column":8},"end":{"line":437,"column":43}}},"fnMap":{"0":{"name":"(anonymous_0)","decl":{"start":{"line":98,"column":4},"end":{"line":98,"column":5}},"loc":{"start":{"line":98,"column":17},"end":{"line":124,"column":5}},"line":98},"1":{"name":"(anonymous_1)","decl":{"start":{"line":136,"column":4},"end":{"line":136,"column":5}},"loc":{"start":{"line":136,"column":24},"end":{"line":140,"column":5}},"line":136},"2":{"name":"(anonymous_2)","decl":{"start":{"line":147,"column":4},"end":{"line":147,"column":5}},"loc":{"start":{"line":147,"column":30},"end":{"line":150,"column":5}},"line":147},"3":{"name":"(anonymous_3)","decl":{"start":{"line":157,"column":4},"end":{"line":157,"column":5}},"loc":{"start":{"line":157,"column":28},"end":{"line":160,"column":5}},"line":157},"4":{"name":"(anonymous_4)","decl":{"start":{"line":167,"column":4},"end":{"line":167,"column":5}},"loc":{"start":{"line":167,"column":28},"end":{"line":170,"column":5}},"line":167},"5":{"name":"(anonymous_5)","decl":{"start":{"line":177,"column":4},"end":{"line":177,"column":5}},"loc":{"start":{"line":177,"column":31},"end":{"line":184,"column":5}},"line":177},"6":{"name":"(anonymous_6)","decl":{"start":{"line":193,"column":4},"end":{"line":193,"column":5}},"loc":{"start":{"line":193,"column":31},"end":{"line":196,"column":5}},"line":193},"7":{"name":"(anonymous_7)","decl":{"start":{"line":203,"column":4},"end":{"line":203,"column":5}},"loc":{"start":{"line":203,"column":30},"end":{"line":207,"column":5}},"line":203},"8":{"name":"(anonymous_8)","decl":{"start":{"line":214,"column":4},"end":{"line":214,"column":5}},"loc":{"start":{"line":214,"column":28},"end":{"line":217,"column":5}},"line":214},"9":{"name":"(anonymous_9)","decl":{"start":{"line":224,"column":4},"end":{"line":224,"column":5}},"loc":{"start":{"line":224,"column":30},"end":{"line":227,"column":5}},"line":224},"10":{"name":"(anonymous_10)","decl":{"start":{"line":234,"column":4},"end":{"line":234,"column":5}},"loc":{"start":{"line":234,"column":28},"end":{"line":237,"column":5}},"line":234},"11":{"name":"(anonymous_11)","decl":{"start":{"line":244,"column":4},"end":{"line":244,"column":5}},"loc":{"start":{"line":244,"column":36},"end":{"line":247,"column":5}},"line":244},"12":{"name":"(anonymous_12)","decl":{"start":{"line":256,"column":4},"end":{"line":256,"column":5}},"loc":{"start":{"line":256,"column":35},"end":{"line":259,"column":5}},"line":256},"13":{"name":"(anonymous_13)","decl":{"start":{"line":266,"column":4},"end":{"line":266,"column":5}},"loc":{"start":{"line":266,"column":29},"end":{"line":269,"column":5}},"line":266},"14":{"name":"(anonymous_14)","decl":{"start":{"line":276,"column":4},"end":{"line":276,"column":5}},"loc":{"start":{"line":276,"column":32},"end":{"line":279,"column":5}},"line":276},"15":{"name":"(anonymous_15)","decl":{"start":{"line":286,"column":4},"end":{"line":286,"column":5}},"loc":{"start":{"line":286,"column":39},"end":{"line":289,"column":5}},"line":286},"16":{"name":"(anonymous_16)","decl":{"start":{"line":298,"column":4},"end":{"line":298,"column":5}},"loc":{"start":{"line":298,"column":33},"end":{"line":305,"column":5}},"line":298},"17":{"name":"(anonymous_17)","decl":{"start":{"line":312,"column":4},"end":{"line":312,"column":5}},"loc":{"start":{"line":312,"column":34},"end":{"line":315,"column":5}},"line":312},"18":{"name":"(anonymous_18)","decl":{"start":{"line":322,"column":4},"end":{"line":322,"column":5}},"loc":{"start":{"line":322,"column":18},"end":{"line":325,"column":5}},"line":322},"19":{"name":"(anonymous_19)","decl":{"start":{"line":334,"column":4},"end":{"line":334,"column":5}},"loc":{"start":{"line":334,"column":14},"end":{"line":336,"column":5}},"line":334},"20":{"name":"(anonymous_20)","decl":{"start":{"line":341,"column":4},"end":{"line":341,"column":5}},"loc":{"start":{"line":341,"column":17},"end":{"line":343,"column":5}},"line":341},"21":{"name":"(anonymous_21)","decl":{"start":{"line":348,"column":4},"end":{"line":348,"column":5}},"loc":{"start":{"line":348,"column":16},"end":{"line":350,"column":5}},"line":348},"22":{"name":"(anonymous_22)","decl":{"start":{"line":355,"column":4},"end":{"line":355,"column":5}},"loc":{"start":{"line":355,"column":16},"end":{"line":357,"column":5}},"line":355},"23":{"name":"(anonymous_23)","decl":{"start":{"line":362,"column":4},"end":{"line":362,"column":5}},"loc":{"start":{"line":362,"column":20},"end":{"line":364,"column":5}},"line":362},"24":{"name":"(anonymous_24)","decl":{"start":{"line":371,"column":4},"end":{"line":371,"column":5}},"loc":{"start":{"line":371,"column":20},"end":{"line":373,"column":5}},"line":371},"25":{"name":"(anonymous_25)","decl":{"start":{"line":378,"column":4},"end":{"line":378,"column":5}},"loc":{"start":{"line":378,"column":17},"end":{"line":380,"column":5}},"line":378},"26":{"name":"(anonymous_26)","decl":{"start":{"line":385,"column":4},"end":{"line":385,"column":5}},"loc":{"start":{"line":385,"column":14},"end":{"line":387,"column":5}},"line":385},"27":{"name":"(anonymous_27)","decl":{"start":{"line":392,"column":4},"end":{"line":392,"column":5}},"loc":{"start":{"line":392,"column":23},"end":{"line":394,"column":5}},"line":392},"28":{"name":"(anonymous_28)","decl":{"start":{"line":399,"column":4},"end":{"line":399,"column":5}},"loc":{"start":{"line":399,"column":14},"end":{"line":401,"column":5}},"line":399},"29":{"name":"(anonymous_29)","decl":{"start":{"line":406,"column":4},"end":{"line":406,"column":5}},"loc":{"start":{"line":406,"column":20},"end":{"line":408,"column":5}},"line":406},"30":{"name":"(anonymous_30)","decl":{"start":{"line":415,"column":4},"end":{"line":415,"column":5}},"loc":{"start":{"line":415,"column":23},"end":{"line":417,"column":5}},"line":415},"31":{"name":"(anonymous_31)","decl":{"start":{"line":422,"column":4},"end":{"line":422,"column":5}},"loc":{"start":{"line":422,"column":19},"end":{"line":424,"column":5}},"line":422},"32":{"name":"(anonymous_32)","decl":{"start":{"line":429,"column":4},"end":{"line":429,"column":5}},"loc":{"start":{"line":429,"column":22},"end":{"line":431,"column":5}},"line":429},"33":{"name":"(anonymous_33)","decl":{"start":{"line":436,"column":4},"end":{"line":436,"column":5}},"loc":{"start":{"line":436,"column":24},"end":{"line":438,"column":5}},"line":436}},"branchMap":{"0":{"loc":{"start":{"line":137,"column":26},"end":{"line":137,"column":82}},"type":"binary-expr","locations":[{"start":{"line":137,"column":26},"end":{"line":137,"column":68}},{"start":{"line":137,"column":72},"end":{"line":137,"column":82}}],"line":137},"1":{"loc":{"start":{"line":178,"column":8},"end":{"line":182,"column":9}},"type":"if","locations":[{"start":{"line":178,"column":8},"end":{"line":182,"column":9}},{"start":{},"end":{}}],"line":178}},"s":{"0":1,"1":1,"2":5,"3":5,"4":5,"5":5,"6":5,"7":5,"8":5,"9":5,"10":5,"11":5,"12":5,"13":5,"14":5,"15":5,"16":5,"17":5,"18":1,"19":1,"20":1,"21":1,"22":1,"23":1,"24":1,"25":1,"26":1,"27":4,"28":2,"29":2,"30":2,"31":2,"32":1,"33":1,"34":1,"35":1,"36":1,"37":1,"38":1,"39":1,"40":1,"41":1,"42":1,"43":1,"44":1,"45":1,"46":1,"47":1,"48":1,"49":1,"50":1,"51":1,"52":1,"53":2,"54":2,"55":2,"56":2,"57":2,"58":1,"59":1,"60":2,"61":2,"62":1,"63":1,"64":1,"65":1,"66":1,"67":1,"68":1,"69":1,"70":1,"71":1,"72":1,"73":1,"74":1,"75":1,"76":1},"f":{"0":5,"1":1,"2":1,"3":1,"4":1,"5":4,"6":1,"7":1,"8":1,"9":1,"10":1,"11":1,"12":1,"13":1,"14":1,"15":1,"16":2,"17":1,"18":2,"19":1,"20":1,"21":1,"22":1,"23":1,"24":1,"25":1,"26":1,"27":1,"28":1,"29":1,"30":1,"31":1,"32":1,"33":1},"b":{"0":[1,0],"1":[2,2]},"_coverageSchema":"1a1c01bbd47fc00a2c39e90264f33305004495a9","hash":"4622e3287a5489c4a6efc055a5ff00cd027f62a8"}
,"C:\\Users\\axelh\\Desktop\\ggg\\www\\src\\managers\\FatalityManager.js": {"path":"C:\\Users\\axelh\\Desktop\\ggg\\www\\src\\managers\\FatalityManager.js","statementMap":{"0":{"start":{"line":5,"column":8},"end":{"line":5,"column":27}},"1":{"start":{"line":10,"column":8},"end":{"line":14,"column":80}},"2":{"start":{"line":10,"column":31},"end":{"line":10,"column":96}},"3":{"start":{"line":11,"column":13},"end":{"line":14,"column":80}},"4":{"start":{"line":12,"column":12},"end":{"line":12,"column":78}},"5":{"start":{"line":13,"column":13},"end":{"line":14,"column":80}},"6":{"start":{"line":14,"column":12},"end":{"line":14,"column":80}},"7":{"start":{"line":19,"column":8},"end":{"line":19,"column":58}},"8":{"start":{"line":20,"column":8},"end":{"line":20,"column":50}},"9":{"start":{"line":21,"column":8},"end":{"line":21,"column":58}},"10":{"start":{"line":23,"column":8},"end":{"line":23,"column":31}},"11":{"start":{"line":24,"column":8},"end":{"line":35,"column":11}},"12":{"start":{"line":32,"column":16},"end":{"line":32,"column":41}},"13":{"start":{"line":33,"column":16},"end":{"line":33,"column":56}},"14":{"start":{"line":33,"column":32},"end":{"line":33,"column":56}},"15":{"start":{"line":40,"column":8},"end":{"line":40,"column":59}},"16":{"start":{"line":41,"column":8},"end":{"line":41,"column":33}},"17":{"start":{"line":43,"column":8},"end":{"line":53,"column":11}},"18":{"start":{"line":50,"column":16},"end":{"line":50,"column":41}},"19":{"start":{"line":51,"column":16},"end":{"line":51,"column":56}},"20":{"start":{"line":51,"column":32},"end":{"line":51,"column":56}},"21":{"start":{"line":55,"column":8},"end":{"line":55,"column":31}},"22":{"start":{"line":56,"column":8},"end":{"line":61,"column":11}},"23":{"start":{"line":66,"column":8},"end":{"line":66,"column":61}},"24":{"start":{"line":67,"column":22},"end":{"line":67,"column":47}},"25":{"start":{"line":68,"column":8},"end":{"line":68,"column":38}},"26":{"start":{"line":69,"column":8},"end":{"line":69,"column":26}},"27":{"start":{"line":70,"column":8},"end":{"line":70,"column":53}},"28":{"start":{"line":71,"column":8},"end":{"line":71,"column":53}},"29":{"start":{"line":72,"column":8},"end":{"line":72,"column":28}},"30":{"start":{"line":73,"column":8},"end":{"line":73,"column":27}},"31":{"start":{"line":74,"column":8},"end":{"line":74,"column":26}},"32":{"start":{"line":76,"column":8},"end":{"line":86,"column":11}},"33":{"start":{"line":81,"column":16},"end":{"line":81,"column":58}},"34":{"start":{"line":84,"column":16},"end":{"line":84,"column":32}},"35":{"start":{"line":88,"column":8},"end":{"line":99,"column":11}},"36":{"start":{"line":97,"column":16},"end":{"line":97,"column":56}},"37":{"start":{"line":97,"column":32},"end":{"line":97,"column":56}}},"fnMap":{"0":{"name":"(anonymous_0)","decl":{"start":{"line":4,"column":4},"end":{"line":4,"column":5}},"loc":{"start":{"line":4,"column":23},"end":{"line":6,"column":5}},"line":4},"1":{"name":"(anonymous_1)","decl":{"start":{"line":8,"column":4},"end":{"line":8,"column":5}},"loc":{"start":{"line":8,"column":65},"end":{"line":15,"column":5}},"line":8},"2":{"name":"(anonymous_2)","decl":{"start":{"line":17,"column":4},"end":{"line":17,"column":5}},"loc":{"start":{"line":17,"column":64},"end":{"line":36,"column":5}},"line":17},"3":{"name":"(anonymous_3)","decl":{"start":{"line":31,"column":24},"end":{"line":31,"column":25}},"loc":{"start":{"line":31,"column":30},"end":{"line":34,"column":13}},"line":31},"4":{"name":"(anonymous_4)","decl":{"start":{"line":38,"column":4},"end":{"line":38,"column":5}},"loc":{"start":{"line":38,"column":65},"end":{"line":62,"column":5}},"line":38},"5":{"name":"(anonymous_5)","decl":{"start":{"line":49,"column":24},"end":{"line":49,"column":25}},"loc":{"start":{"line":49,"column":30},"end":{"line":52,"column":13}},"line":49},"6":{"name":"(anonymous_6)","decl":{"start":{"line":64,"column":4},"end":{"line":64,"column":5}},"loc":{"start":{"line":64,"column":67},"end":{"line":100,"column":5}},"line":64},"7":{"name":"(anonymous_7)","decl":{"start":{"line":80,"column":21},"end":{"line":80,"column":22}},"loc":{"start":{"line":80,"column":27},"end":{"line":82,"column":13}},"line":80},"8":{"name":"(anonymous_8)","decl":{"start":{"line":83,"column":24},"end":{"line":83,"column":25}},"loc":{"start":{"line":83,"column":30},"end":{"line":85,"column":13}},"line":83},"9":{"name":"(anonymous_9)","decl":{"start":{"line":96,"column":24},"end":{"line":96,"column":25}},"loc":{"start":{"line":96,"column":30},"end":{"line":98,"column":13}},"line":96}},"branchMap":{"0":{"loc":{"start":{"line":10,"column":8},"end":{"line":14,"column":80}},"type":"if","locations":[{"start":{"line":10,"column":8},"end":{"line":14,"column":80}},{"start":{"line":11,"column":13},"end":{"line":14,"column":80}}],"line":10},"1":{"loc":{"start":{"line":11,"column":13},"end":{"line":14,"column":80}},"type":"if","locations":[{"start":{"line":11,"column":13},"end":{"line":14,"column":80}},{"start":{"line":13,"column":13},"end":{"line":14,"column":80}}],"line":11},"2":{"loc":{"start":{"line":13,"column":13},"end":{"line":14,"column":80}},"type":"if","locations":[{"start":{"line":13,"column":13},"end":{"line":14,"column":80}},{"start":{},"end":{}}],"line":13},"3":{"loc":{"start":{"line":33,"column":16},"end":{"line":33,"column":56}},"type":"if","locations":[{"start":{"line":33,"column":16},"end":{"line":33,"column":56}},{"start":{},"end":{}}],"line":33},"4":{"loc":{"start":{"line":51,"column":16},"end":{"line":51,"column":56}},"type":"if","locations":[{"start":{"line":51,"column":16},"end":{"line":51,"column":56}},{"start":{},"end":{}}],"line":51},"5":{"loc":{"start":{"line":90,"column":15},"end":{"line":90,"column":44}},"type":"cond-expr","locations":[{"start":{"line":90,"column":29},"end":{"line":90,"column":35}},{"start":{"line":90,"column":38},"end":{"line":90,"column":44}}],"line":90},"6":{"loc":{"start":{"line":97,"column":16},"end":{"line":97,"column":56}},"type":"if","locations":[{"start":{"line":97,"column":16},"end":{"line":97,"column":56}},{"start":{},"end":{}}],"line":97}},"s":{"0":7,"1":3,"2":1,"3":2,"4":1,"5":1,"6":1,"7":2,"8":2,"9":2,"10":2,"11":2,"12":1,"13":1,"14":1,"15":2,"16":2,"17":2,"18":1,"19":1,"20":1,"21":2,"22":2,"23":2,"24":2,"25":2,"26":2,"27":2,"28":2,"29":2,"30":2,"31":2,"32":2,"33":1,"34":1,"35":2,"36":1,"37":1},"f":{"0":7,"1":3,"2":2,"3":1,"4":2,"5":1,"6":2,"7":1,"8":1,"9":1},"b":{"0":[1,2],"1":[1,1],"2":[1,0],"3":[1,0],"4":[1,0],"5":[2,0],"6":[1,0]},"_coverageSchema":"1a1c01bbd47fc00a2c39e90264f33305004495a9","hash":"41dcc9e837508cbbd65d0f5f4b5b9b81786ce96e"}
,"C:\\Users\\axelh\\Desktop\\ggg\\www\\src\\managers\\MobileManager.js": {"path":"C:\\Users\\axelh\\Desktop\\ggg\\www\\src\\managers\\MobileManager.js","statementMap":{"0":{"start":{"line":7,"column":29},"end":{"line":70,"column":1}},"1":{"start":{"line":13,"column":8},"end":{"line":16,"column":9}},"2":{"start":{"line":14,"column":12},"end":{"line":14,"column":94}},"3":{"start":{"line":15,"column":12},"end":{"line":15,"column":19}},"4":{"start":{"line":18,"column":20},"end":{"line":18,"column":48}},"5":{"start":{"line":20,"column":8},"end":{"line":25,"column":9}},"6":{"start":{"line":21,"column":12},"end":{"line":23,"column":14}},"7":{"start":{"line":24,"column":12},"end":{"line":24,"column":19}},"8":{"start":{"line":28,"column":8},"end":{"line":57,"column":11}},"9":{"start":{"line":30,"column":33},"end":{"line":30,"column":59}},"10":{"start":{"line":31,"column":12},"end":{"line":34,"column":13}},"11":{"start":{"line":32,"column":16},"end":{"line":32,"column":30}},"12":{"start":{"line":33,"column":16},"end":{"line":33,"column":23}},"13":{"start":{"line":37,"column":33},"end":{"line":37,"column":70}},"14":{"start":{"line":38,"column":24},"end":{"line":38,"column":46}},"15":{"start":{"line":40,"column":12},"end":{"line":40,"column":57}},"16":{"start":{"line":42,"column":12},"end":{"line":56,"column":13}},"17":{"start":{"line":43,"column":16},"end":{"line":43,"column":30}},"18":{"start":{"line":44,"column":19},"end":{"line":56,"column":13}},"19":{"start":{"line":45,"column":16},"end":{"line":45,"column":58}},"20":{"start":{"line":46,"column":19},"end":{"line":56,"column":13}},"21":{"start":{"line":47,"column":16},"end":{"line":47,"column":60}},"22":{"start":{"line":48,"column":16},"end":{"line":48,"column":42}},"23":{"start":{"line":49,"column":19},"end":{"line":56,"column":13}},"24":{"start":{"line":50,"column":16},"end":{"line":50,"column":58}},"25":{"start":{"line":51,"column":19},"end":{"line":56,"column":13}},"26":{"start":{"line":52,"column":16},"end":{"line":52,"column":58}},"27":{"start":{"line":60,"column":8},"end":{"line":62,"column":11}},"28":{"start":{"line":61,"column":12},"end":{"line":61,"column":34}},"29":{"start":{"line":64,"column":8},"end":{"line":66,"column":11}},"30":{"start":{"line":65,"column":12},"end":{"line":65,"column":35}},"31":{"start":{"line":68,"column":8},"end":{"line":68,"column":67}}},"fnMap":{"0":{"name":"(anonymous_0)","decl":{"start":{"line":12,"column":10},"end":{"line":12,"column":11}},"loc":{"start":{"line":12,"column":26},"end":{"line":69,"column":5}},"line":12},"1":{"name":"(anonymous_1)","decl":{"start":{"line":28,"column":38},"end":{"line":28,"column":39}},"loc":{"start":{"line":28,"column":44},"end":{"line":57,"column":9}},"line":28},"2":{"name":"(anonymous_2)","decl":{"start":{"line":60,"column":33},"end":{"line":60,"column":34}},"loc":{"start":{"line":60,"column":39},"end":{"line":62,"column":9}},"line":60},"3":{"name":"(anonymous_3)","decl":{"start":{"line":64,"column":34},"end":{"line":64,"column":35}},"loc":{"start":{"line":64,"column":40},"end":{"line":66,"column":9}},"line":64}},"branchMap":{"0":{"loc":{"start":{"line":13,"column":8},"end":{"line":16,"column":9}},"type":"if","locations":[{"start":{"line":13,"column":8},"end":{"line":16,"column":9}},{"start":{},"end":{}}],"line":13},"1":{"loc":{"start":{"line":20,"column":8},"end":{"line":25,"column":9}},"type":"if","locations":[{"start":{"line":20,"column":8},"end":{"line":25,"column":9}},{"start":{},"end":{}}],"line":20},"2":{"loc":{"start":{"line":31,"column":12},"end":{"line":34,"column":13}},"type":"if","locations":[{"start":{"line":31,"column":12},"end":{"line":34,"column":13}},{"start":{},"end":{}}],"line":31},"3":{"loc":{"start":{"line":31,"column":16},"end":{"line":31,"column":58}},"type":"binary-expr","locations":[{"start":{"line":31,"column":16},"end":{"line":31,"column":29}},{"start":{"line":31,"column":33},"end":{"line":31,"column":58}}],"line":31},"4":{"loc":{"start":{"line":42,"column":12},"end":{"line":56,"column":13}},"type":"if","locations":[{"start":{"line":42,"column":12},"end":{"line":56,"column":13}},{"start":{"line":44,"column":19},"end":{"line":56,"column":13}}],"line":42},"5":{"loc":{"start":{"line":44,"column":19},"end":{"line":56,"column":13}},"type":"if","locations":[{"start":{"line":44,"column":19},"end":{"line":56,"column":13}},{"start":{"line":46,"column":19},"end":{"line":56,"column":13}}],"line":44},"6":{"loc":{"start":{"line":46,"column":19},"end":{"line":56,"column":13}},"type":"if","locations":[{"start":{"line":46,"column":19},"end":{"line":56,"column":13}},{"start":{"line":49,"column":19},"end":{"line":56,"column":13}}],"line":46},"7":{"loc":{"start":{"line":49,"column":19},"end":{"line":56,"column":13}},"type":"if","locations":[{"start":{"line":49,"column":19},"end":{"line":56,"column":13}},{"start":{"line":51,"column":19},"end":{"line":56,"column":13}}],"line":49},"8":{"loc":{"start":{"line":51,"column":19},"end":{"line":56,"column":13}},"type":"if","locations":[{"start":{"line":51,"column":19},"end":{"line":56,"column":13}},{"start":{"line":53,"column":19},"end":{"line":56,"column":13}}],"line":51}},"s":{"0":1,"1":11,"2":1,"3":1,"4":10,"5":10,"6":1,"7":1,"8":9,"9":6,"10":6,"11":1,"12":1,"13":5,"14":5,"15":5,"16":5,"17":1,"18":4,"19":1,"20":3,"21":1,"22":1,"23":2,"24":1,"25":1,"26":1,"27":9,"28":1,"29":9,"30":1,"31":9},"f":{"0":11,"1":6,"2":1,"3":1},"b":{"0":[1,10],"1":[1,9],"2":[1,5],"3":[6,6],"4":[1,4],"5":[1,3],"6":[1,2],"7":[1,1],"8":[1,0]},"_coverageSchema":"1a1c01bbd47fc00a2c39e90264f33305004495a9","hash":"f9f00f4d1ac2bedac0c576b4d2078e0fc42f9eef"}
,"C:\\Users\\axelh\\Desktop\\ggg\\www\\src\\managers\\OpponentAI.js": {"path":"C:\\Users\\axelh\\Desktop\\ggg\\www\\src\\managers\\OpponentAI.js","statementMap":{"0":{"start":{"line":9,"column":21},"end":{"line":9,"column":43}},"1":{"start":{"line":10,"column":27},"end":{"line":10,"column":65}},"2":{"start":{"line":10,"column":56},"end":{"line":10,"column":61}},"3":{"start":{"line":11,"column":29},"end":{"line":11,"column":58}},"4":{"start":{"line":14,"column":8},"end":{"line":14,"column":48}},"5":{"start":{"line":14,"column":28},"end":{"line":14,"column":48}},"6":{"start":{"line":16,"column":26},"end":{"line":16,"column":27}},"7":{"start":{"line":17,"column":8},"end":{"line":19,"column":52}},"8":{"start":{"line":17,"column":29},"end":{"line":17,"column":45}},"9":{"start":{"line":18,"column":13},"end":{"line":19,"column":52}},"10":{"start":{"line":18,"column":36},"end":{"line":18,"column":54}},"11":{"start":{"line":19,"column":13},"end":{"line":19,"column":52}},"12":{"start":{"line":19,"column":34},"end":{"line":19,"column":52}},"13":{"start":{"line":22,"column":8},"end":{"line":43,"column":9}},"14":{"start":{"line":23,"column":29},"end":{"line":23,"column":74}},"15":{"start":{"line":24,"column":32},"end":{"line":24,"column":50}},"16":{"start":{"line":25,"column":31},"end":{"line":25,"column":49}},"17":{"start":{"line":26,"column":30},"end":{"line":26,"column":38}},"18":{"start":{"line":28,"column":32},"end":{"line":28,"column":34}},"19":{"start":{"line":29,"column":12},"end":{"line":38,"column":13}},"20":{"start":{"line":31,"column":16},"end":{"line":31,"column":95}},"21":{"start":{"line":32,"column":19},"end":{"line":38,"column":13}},"22":{"start":{"line":34,"column":16},"end":{"line":34,"column":97}},"23":{"start":{"line":37,"column":16},"end":{"line":37,"column":47}},"24":{"start":{"line":39,"column":40},"end":{"line":39,"column":53}},"25":{"start":{"line":40,"column":32},"end":{"line":40,"column":86}},"26":{"start":{"line":41,"column":32},"end":{"line":41,"column":58}},"27":{"start":{"line":42,"column":12},"end":{"line":42,"column":31}},"28":{"start":{"line":45,"column":8},"end":{"line":45,"column":28}}},"fnMap":{"0":{"name":"(anonymous_0)","decl":{"start":{"line":8,"column":4},"end":{"line":8,"column":5}},"loc":{"start":{"line":8,"column":46},"end":{"line":46,"column":5}},"line":8},"1":{"name":"(anonymous_1)","decl":{"start":{"line":10,"column":46},"end":{"line":10,"column":47}},"loc":{"start":{"line":10,"column":56},"end":{"line":10,"column":61}},"line":10}},"branchMap":{"0":{"loc":{"start":{"line":9,"column":21},"end":{"line":9,"column":43}},"type":"binary-expr","locations":[{"start":{"line":9,"column":21},"end":{"line":9,"column":31}},{"start":{"line":9,"column":35},"end":{"line":9,"column":43}}],"line":9},"1":{"loc":{"start":{"line":14,"column":8},"end":{"line":14,"column":48}},"type":"if","locations":[{"start":{"line":14,"column":8},"end":{"line":14,"column":48}},{"start":{},"end":{}}],"line":14},"2":{"loc":{"start":{"line":17,"column":8},"end":{"line":19,"column":52}},"type":"if","locations":[{"start":{"line":17,"column":8},"end":{"line":19,"column":52}},{"start":{"line":18,"column":13},"end":{"line":19,"column":52}}],"line":17},"3":{"loc":{"start":{"line":18,"column":13},"end":{"line":19,"column":52}},"type":"if","locations":[{"start":{"line":18,"column":13},"end":{"line":19,"column":52}},{"start":{"line":19,"column":13},"end":{"line":19,"column":52}}],"line":18},"4":{"loc":{"start":{"line":19,"column":13},"end":{"line":19,"column":52}},"type":"if","locations":[{"start":{"line":19,"column":13},"end":{"line":19,"column":52}},{"start":{},"end":{}}],"line":19},"5":{"loc":{"start":{"line":22,"column":8},"end":{"line":43,"column":9}},"type":"if","locations":[{"start":{"line":22,"column":8},"end":{"line":43,"column":9}},{"start":{},"end":{}}],"line":22},"6":{"loc":{"start":{"line":29,"column":12},"end":{"line":38,"column":13}},"type":"if","locations":[{"start":{"line":29,"column":12},"end":{"line":38,"column":13}},{"start":{"line":32,"column":19},"end":{"line":38,"column":13}}],"line":29},"7":{"loc":{"start":{"line":32,"column":19},"end":{"line":38,"column":13}},"type":"if","locations":[{"start":{"line":32,"column":19},"end":{"line":38,"column":13}},{"start":{"line":35,"column":19},"end":{"line":38,"column":13}}],"line":32}},"s":{"0":12,"1":12,"2":36,"3":12,"4":12,"5":2,"6":10,"7":10,"8":2,"9":8,"10":4,"11":4,"12":4,"13":10,"14":6,"15":6,"16":6,"17":6,"18":6,"19":6,"20":3,"21":3,"22":3,"23":0,"24":6,"25":6,"26":6,"27":6,"28":4},"f":{"0":12,"1":36},"b":{"0":[12,0],"1":[2,10],"2":[2,8],"3":[4,4],"4":[4,0],"5":[6,4],"6":[3,3],"7":[3,0]},"_coverageSchema":"1a1c01bbd47fc00a2c39e90264f33305004495a9","hash":"a17a287ac0e504d98aa7d184e655be9ffac70818"}
,"C:\\Users\\axelh\\Desktop\\ggg\\www\\src\\managers\\Storage.js": {"path":"C:\\Users\\axelh\\Desktop\\ggg\\www\\src\\managers\\Storage.js","statementMap":{"0":{"start":{"line":6,"column":29},"end":{"line":7,"column":94}},"1":{"start":{"line":7,"column":4},"end":{"line":7,"column":94}},"2":{"start":{"line":10,"column":30},"end":{"line":11,"column":76}},"3":{"start":{"line":11,"column":4},"end":{"line":11,"column":76}},"4":{"start":{"line":13,"column":23},"end":{"line":97,"column":1}},"5":{"start":{"line":18,"column":28},"end":{"line":18,"column":50}},"6":{"start":{"line":19,"column":29},"end":{"line":19,"column":52}},"7":{"start":{"line":20,"column":8},"end":{"line":43,"column":9}},"8":{"start":{"line":21,"column":27},"end":{"line":21,"column":31}},"9":{"start":{"line":22,"column":12},"end":{"line":30,"column":13}},"10":{"start":{"line":23,"column":39},"end":{"line":25,"column":17}},"11":{"start":{"line":24,"column":20},"end":{"line":24,"column":80}},"12":{"start":{"line":24,"column":37},"end":{"line":24,"column":73}},"13":{"start":{"line":26,"column":34},"end":{"line":26,"column":96}},"14":{"start":{"line":27,"column":16},"end":{"line":27,"column":33}},"15":{"start":{"line":28,"column":19},"end":{"line":30,"column":13}},"16":{"start":{"line":29,"column":16},"end":{"line":29,"column":53}},"17":{"start":{"line":32,"column":12},"end":{"line":32,"column":55}},"18":{"start":{"line":32,"column":35},"end":{"line":32,"column":55}},"19":{"start":{"line":35,"column":12},"end":{"line":39,"column":13}},"20":{"start":{"line":36,"column":16},"end":{"line":36,"column":44}},"21":{"start":{"line":38,"column":16},"end":{"line":38,"column":32}},"22":{"start":{"line":41,"column":12},"end":{"line":41,"column":64}},"23":{"start":{"line":42,"column":12},"end":{"line":42,"column":32}},"24":{"start":{"line":50,"column":28},"end":{"line":50,"column":50}},"25":{"start":{"line":51,"column":29},"end":{"line":51,"column":52}},"26":{"start":{"line":52,"column":8},"end":{"line":61,"column":9}},"27":{"start":{"line":53,"column":32},"end":{"line":53,"column":53}},"28":{"start":{"line":54,"column":12},"end":{"line":58,"column":13}},"29":{"start":{"line":55,"column":16},"end":{"line":55,"column":67}},"30":{"start":{"line":56,"column":19},"end":{"line":58,"column":13}},"31":{"start":{"line":57,"column":16},"end":{"line":57,"column":55}},"32":{"start":{"line":60,"column":12},"end":{"line":60,"column":67}},"33":{"start":{"line":68,"column":28},"end":{"line":68,"column":50}},"34":{"start":{"line":69,"column":29},"end":{"line":69,"column":52}},"35":{"start":{"line":70,"column":8},"end":{"line":78,"column":9}},"36":{"start":{"line":71,"column":12},"end":{"line":75,"column":13}},"37":{"start":{"line":72,"column":16},"end":{"line":72,"column":50}},"38":{"start":{"line":73,"column":19},"end":{"line":75,"column":13}},"39":{"start":{"line":74,"column":16},"end":{"line":74,"column":45}},"40":{"start":{"line":77,"column":12},"end":{"line":77,"column":68}},"41":{"start":{"line":85,"column":28},"end":{"line":85,"column":50}},"42":{"start":{"line":86,"column":29},"end":{"line":86,"column":52}},"43":{"start":{"line":87,"column":8},"end":{"line":95,"column":9}},"44":{"start":{"line":88,"column":12},"end":{"line":92,"column":13}},"45":{"start":{"line":89,"column":16},"end":{"line":89,"column":42}},"46":{"start":{"line":90,"column":19},"end":{"line":92,"column":13}},"47":{"start":{"line":91,"column":16},"end":{"line":91,"column":37}},"48":{"start":{"line":94,"column":12},"end":{"line":94,"column":75}}},"fnMap":{"0":{"name":"(anonymous_0)","decl":{"start":{"line":6,"column":29},"end":{"line":6,"column":30}},"loc":{"start":{"line":7,"column":4},"end":{"line":7,"column":94}},"line":7},"1":{"name":"(anonymous_1)","decl":{"start":{"line":10,"column":30},"end":{"line":10,"column":31}},"loc":{"start":{"line":11,"column":4},"end":{"line":11,"column":76}},"line":11},"2":{"name":"(anonymous_2)","decl":{"start":{"line":17,"column":4},"end":{"line":17,"column":5}},"loc":{"start":{"line":17,"column":33},"end":{"line":44,"column":5}},"line":17},"3":{"name":"(anonymous_3)","decl":{"start":{"line":23,"column":51},"end":{"line":23,"column":52}},"loc":{"start":{"line":24,"column":20},"end":{"line":24,"column":80}},"line":24},"4":{"name":"(anonymous_4)","decl":{"start":{"line":24,"column":31},"end":{"line":24,"column":32}},"loc":{"start":{"line":24,"column":37},"end":{"line":24,"column":73}},"line":24},"5":{"name":"(anonymous_5)","decl":{"start":{"line":49,"column":4},"end":{"line":49,"column":5}},"loc":{"start":{"line":49,"column":26},"end":{"line":62,"column":5}},"line":49},"6":{"name":"(anonymous_6)","decl":{"start":{"line":67,"column":4},"end":{"line":67,"column":5}},"loc":{"start":{"line":67,"column":22},"end":{"line":79,"column":5}},"line":67},"7":{"name":"(anonymous_7)","decl":{"start":{"line":84,"column":4},"end":{"line":84,"column":5}},"loc":{"start":{"line":84,"column":18},"end":{"line":96,"column":5}},"line":84}},"branchMap":{"0":{"loc":{"start":{"line":7,"column":4},"end":{"line":7,"column":94}},"type":"cond-expr","locations":[{"start":{"line":7,"column":51},"end":{"line":7,"column":87}},{"start":{"line":7,"column":90},"end":{"line":7,"column":94}}],"line":7},"1":{"loc":{"start":{"line":7,"column":4},"end":{"line":7,"column":48}},"type":"binary-expr","locations":[{"start":{"line":7,"column":4},"end":{"line":7,"column":20}},{"start":{"line":7,"column":24},"end":{"line":7,"column":48}}],"line":7},"2":{"loc":{"start":{"line":11,"column":4},"end":{"line":11,"column":76}},"type":"cond-expr","locations":[{"start":{"line":11,"column":38},"end":{"line":11,"column":54}},{"start":{"line":11,"column":57},"end":{"line":11,"column":76}}],"line":11},"3":{"loc":{"start":{"line":22,"column":12},"end":{"line":30,"column":13}},"type":"if","locations":[{"start":{"line":22,"column":12},"end":{"line":30,"column":13}},{"start":{"line":28,"column":19},"end":{"line":30,"column":13}}],"line":22},"4":{"loc":{"start":{"line":28,"column":19},"end":{"line":30,"column":13}},"type":"if","locations":[{"start":{"line":28,"column":19},"end":{"line":30,"column":13}},{"start":{},"end":{}}],"line":28},"5":{"loc":{"start":{"line":32,"column":12},"end":{"line":32,"column":55}},"type":"if","locations":[{"start":{"line":32,"column":12},"end":{"line":32,"column":55}},{"start":{},"end":{}}],"line":32},"6":{"loc":{"start":{"line":54,"column":12},"end":{"line":58,"column":13}},"type":"if","locations":[{"start":{"line":54,"column":12},"end":{"line":58,"column":13}},{"start":{"line":56,"column":19},"end":{"line":58,"column":13}}],"line":54},"7":{"loc":{"start":{"line":56,"column":19},"end":{"line":58,"column":13}},"type":"if","locations":[{"start":{"line":56,"column":19},"end":{"line":58,"column":13}},{"start":{},"end":{}}],"line":56},"8":{"loc":{"start":{"line":71,"column":12},"end":{"line":75,"column":13}},"type":"if","locations":[{"start":{"line":71,"column":12},"end":{"line":75,"column":13}},{"start":{"line":73,"column":19},"end":{"line":75,"column":13}}],"line":71},"9":{"loc":{"start":{"line":73,"column":19},"end":{"line":75,"column":13}},"type":"if","locations":[{"start":{"line":73,"column":19},"end":{"line":75,"column":13}},{"start":{},"end":{}}],"line":73},"10":{"loc":{"start":{"line":88,"column":12},"end":{"line":92,"column":13}},"type":"if","locations":[{"start":{"line":88,"column":12},"end":{"line":92,"column":13}},{"start":{"line":90,"column":19},"end":{"line":92,"column":13}}],"line":88},"11":{"loc":{"start":{"line":90,"column":19},"end":{"line":92,"column":13}},"type":"if","locations":[{"start":{"line":90,"column":19},"end":{"line":92,"column":13}},{"start":{},"end":{}}],"line":90}},"s":{"0":1,"1":12,"2":1,"3":12,"4":1,"5":3,"6":3,"7":3,"8":3,"9":3,"10":1,"11":1,"12":0,"13":1,"14":1,"15":2,"16":2,"17":2,"18":0,"19":2,"20":2,"21":0,"22":1,"23":1,"24":3,"25":3,"26":3,"27":3,"28":2,"29":1,"30":1,"31":1,"32":1,"33":3,"34":3,"35":3,"36":3,"37":1,"38":2,"39":2,"40":1,"41":3,"42":3,"43":3,"44":3,"45":1,"46":2,"47":2,"48":1},"f":{"0":12,"1":12,"2":3,"3":1,"4":0,"5":3,"6":3,"7":3},"b":{"0":[4,8],"1":[12,4],"2":[12,0],"3":[1,2],"4":[2,0],"5":[0,2],"6":[1,1],"7":[1,0],"8":[1,2],"9":[2,0],"10":[1,2],"11":[2,0]},"_coverageSchema":"1a1c01bbd47fc00a2c39e90264f33305004495a9","hash":"26642715396bf6885d7a65cecf216195acf79a3c"}
,"C:\\Users\\axelh\\Desktop\\ggg\\www\\src\\managers\\TutorialManager.js": {"path":"C:\\Users\\axelh\\Desktop\\ggg\\www\\src\\managers\\TutorialManager.js","statementMap":{"0":{"start":{"line":6,"column":8},"end":{"line":6,"column":27}},"1":{"start":{"line":7,"column":8},"end":{"line":7,"column":38}},"2":{"start":{"line":11,"column":8},"end":{"line":13,"column":9}},"3":{"start":{"line":12,"column":12},"end":{"line":12,"column":32}},"4":{"start":{"line":17,"column":34},"end":{"line":17,"column":50}},"5":{"start":{"line":18,"column":8},"end":{"line":18,"column":79}},"6":{"start":{"line":19,"column":24},"end":{"line":22,"column":29}},"7":{"start":{"line":23,"column":22},"end":{"line":29,"column":9}},"8":{"start":{"line":30,"column":21},"end":{"line":32,"column":27}},"9":{"start":{"line":33,"column":20},"end":{"line":33,"column":69}},"10":{"start":{"line":34,"column":22},"end":{"line":37,"column":52}},"11":{"start":{"line":38,"column":22},"end":{"line":40,"column":27}},"12":{"start":{"line":41,"column":8},"end":{"line":41,"column":32}},"13":{"start":{"line":42,"column":8},"end":{"line":50,"column":11}},"14":{"start":{"line":43,"column":12},"end":{"line":43,"column":52}},"15":{"start":{"line":44,"column":12},"end":{"line":49,"column":15}},"16":{"start":{"line":48,"column":34},"end":{"line":48,"column":66}},"17":{"start":{"line":51,"column":8},"end":{"line":51,"column":57}},"18":{"start":{"line":52,"column":26},"end":{"line":54,"column":27}},"19":{"start":{"line":55,"column":8},"end":{"line":55,"column":46}},"20":{"start":{"line":56,"column":8},"end":{"line":62,"column":11}}},"fnMap":{"0":{"name":"(anonymous_0)","decl":{"start":{"line":5,"column":4},"end":{"line":5,"column":5}},"loc":{"start":{"line":5,"column":23},"end":{"line":8,"column":5}},"line":5},"1":{"name":"(anonymous_1)","decl":{"start":{"line":10,"column":4},"end":{"line":10,"column":5}},"loc":{"start":{"line":10,"column":20},"end":{"line":14,"column":5}},"line":10},"2":{"name":"(anonymous_2)","decl":{"start":{"line":16,"column":4},"end":{"line":16,"column":5}},"loc":{"start":{"line":16,"column":19},"end":{"line":63,"column":5}},"line":16},"3":{"name":"(anonymous_3)","decl":{"start":{"line":42,"column":32},"end":{"line":42,"column":33}},"loc":{"start":{"line":42,"column":44},"end":{"line":50,"column":9}},"line":42},"4":{"name":"(anonymous_4)","decl":{"start":{"line":48,"column":28},"end":{"line":48,"column":29}},"loc":{"start":{"line":48,"column":34},"end":{"line":48,"column":66}},"line":48}},"branchMap":{"0":{"loc":{"start":{"line":11,"column":8},"end":{"line":13,"column":9}},"type":"if","locations":[{"start":{"line":11,"column":8},"end":{"line":13,"column":9}},{"start":{},"end":{}}],"line":11}},"s":{"0":5,"1":5,"2":2,"3":1,"4":3,"5":3,"6":3,"7":3,"8":3,"9":3,"10":3,"11":3,"12":3,"13":3,"14":1,"15":1,"16":1,"17":3,"18":3,"19":3,"20":3},"f":{"0":5,"1":2,"2":3,"3":1,"4":1},"b":{"0":[1,1]},"_coverageSchema":"1a1c01bbd47fc00a2c39e90264f33305004495a9","hash":"f875bda61aef0728bd86ccf70cb636fce1f2c6ca"}
,"C:\\Users\\axelh\\Desktop\\ggg\\www\\src\\ui\\components\\Switch.js": {"path":"C:\\Users\\axelh\\Desktop\\ggg\\www\\src\\ui\\components\\Switch.js","statementMap":{"0":{"start":{"line":15,"column":8},"end":{"line":15,"column":27}},"1":{"start":{"line":17,"column":8},"end":{"line":17,"column":27}},"2":{"start":{"line":18,"column":8},"end":{"line":18,"column":41}},"3":{"start":{"line":19,"column":8},"end":{"line":19,"column":49}},"4":{"start":{"line":21,"column":8},"end":{"line":21,"column":35}},"5":{"start":{"line":22,"column":8},"end":{"line":22,"column":25}},"6":{"start":{"line":24,"column":8},"end":{"line":24,"column":29}},"7":{"start":{"line":25,"column":8},"end":{"line":25,"column":25}},"8":{"start":{"line":26,"column":8},"end":{"line":26,"column":27}},"9":{"start":{"line":27,"column":8},"end":{"line":27,"column":26}},"10":{"start":{"line":29,"column":8},"end":{"line":29,"column":43}},"11":{"start":{"line":31,"column":8},"end":{"line":31,"column":38}},"12":{"start":{"line":35,"column":8},"end":{"line":35,"column":50}},"13":{"start":{"line":36,"column":8},"end":{"line":36,"column":32}},"14":{"start":{"line":40,"column":8},"end":{"line":46,"column":28}},"15":{"start":{"line":47,"column":8},"end":{"line":53,"column":28}},"16":{"start":{"line":54,"column":8},"end":{"line":54,"column":46}},"17":{"start":{"line":58,"column":8},"end":{"line":58,"column":74}},"18":{"start":{"line":59,"column":8},"end":{"line":59,"column":30}},"19":{"start":{"line":63,"column":8},"end":{"line":65,"column":53}},"20":{"start":{"line":66,"column":8},"end":{"line":66,"column":33}},"21":{"start":{"line":68,"column":8},"end":{"line":72,"column":11}},"22":{"start":{"line":69,"column":12},"end":{"line":69,"column":47}},"23":{"start":{"line":69,"column":23},"end":{"line":69,"column":47}},"24":{"start":{"line":70,"column":12},"end":{"line":70,"column":26}},"25":{"start":{"line":71,"column":12},"end":{"line":71,"column":74}},"26":{"start":{"line":76,"column":8},"end":{"line":76,"column":47}},"27":{"start":{"line":77,"column":8},"end":{"line":77,"column":43}},"28":{"start":{"line":78,"column":8},"end":{"line":80,"column":9}},"29":{"start":{"line":79,"column":12},"end":{"line":79,"column":53}},"30":{"start":{"line":84,"column":8},"end":{"line":84,"column":30}},"31":{"start":{"line":85,"column":8},"end":{"line":85,"column":55}},"32":{"start":{"line":86,"column":8},"end":{"line":86,"column":70}},"33":{"start":{"line":88,"column":8},"end":{"line":100,"column":9}},"34":{"start":{"line":89,"column":12},"end":{"line":89,"column":59}},"35":{"start":{"line":90,"column":12},"end":{"line":90,"column":72}},"36":{"start":{"line":91,"column":12},"end":{"line":91,"column":58}},"37":{"start":{"line":92,"column":12},"end":{"line":92,"column":58}},"38":{"start":{"line":93,"column":12},"end":{"line":93,"column":57}},"39":{"start":{"line":95,"column":12},"end":{"line":95,"column":49}},"40":{"start":{"line":96,"column":12},"end":{"line":96,"column":72}},"41":{"start":{"line":97,"column":12},"end":{"line":97,"column":57}},"42":{"start":{"line":98,"column":12},"end":{"line":98,"column":57}},"43":{"start":{"line":99,"column":12},"end":{"line":99,"column":56}},"44":{"start":{"line":102,"column":8},"end":{"line":102,"column":52}},"45":{"start":{"line":103,"column":8},"end":{"line":107,"column":11}},"46":{"start":{"line":112,"column":8},"end":{"line":112,"column":35}},"47":{"start":{"line":113,"column":8},"end":{"line":113,"column":43}}},"fnMap":{"0":{"name":"(anonymous_0)","decl":{"start":{"line":14,"column":4},"end":{"line":14,"column":5}},"loc":{"start":{"line":14,"column":61},"end":{"line":32,"column":5}},"line":14},"1":{"name":"(anonymous_1)","decl":{"start":{"line":34,"column":4},"end":{"line":34,"column":5}},"loc":{"start":{"line":34,"column":20},"end":{"line":37,"column":5}},"line":34},"2":{"name":"(anonymous_2)","decl":{"start":{"line":39,"column":4},"end":{"line":39,"column":5}},"loc":{"start":{"line":39,"column":16},"end":{"line":55,"column":5}},"line":39},"3":{"name":"(anonymous_3)","decl":{"start":{"line":57,"column":4},"end":{"line":57,"column":5}},"loc":{"start":{"line":57,"column":18},"end":{"line":60,"column":5}},"line":57},"4":{"name":"(anonymous_4)","decl":{"start":{"line":62,"column":4},"end":{"line":62,"column":5}},"loc":{"start":{"line":62,"column":17},"end":{"line":73,"column":5}},"line":62},"5":{"name":"(anonymous_5)","decl":{"start":{"line":68,"column":39},"end":{"line":68,"column":40}},"loc":{"start":{"line":68,"column":75},"end":{"line":72,"column":9}},"line":68},"6":{"name":"(anonymous_6)","decl":{"start":{"line":75,"column":4},"end":{"line":75,"column":5}},"loc":{"start":{"line":75,"column":13},"end":{"line":81,"column":5}},"line":75},"7":{"name":"(anonymous_7)","decl":{"start":{"line":83,"column":4},"end":{"line":83,"column":5}},"loc":{"start":{"line":83,"column":24},"end":{"line":108,"column":5}},"line":83},"8":{"name":"(anonymous_8)","decl":{"start":{"line":111,"column":4},"end":{"line":111,"column":5}},"loc":{"start":{"line":111,"column":20},"end":{"line":114,"column":5}},"line":111}},"branchMap":{"0":{"loc":{"start":{"line":69,"column":12},"end":{"line":69,"column":47}},"type":"if","locations":[{"start":{"line":69,"column":12},"end":{"line":69,"column":47}},{"start":{},"end":{}}],"line":69},"1":{"loc":{"start":{"line":78,"column":8},"end":{"line":80,"column":9}},"type":"if","locations":[{"start":{"line":78,"column":8},"end":{"line":80,"column":9}},{"start":{},"end":{}}],"line":78},"2":{"loc":{"start":{"line":88,"column":8},"end":{"line":100,"column":9}},"type":"if","locations":[{"start":{"line":88,"column":8},"end":{"line":100,"column":9}},{"start":{"line":94,"column":15},"end":{"line":100,"column":9}}],"line":88},"3":{"loc":{"start":{"line":105,"column":15},"end":{"line":105,"column":60}},"type":"cond-expr","locations":[{"start":{"line":105,"column":25},"end":{"line":105,"column":41}},{"start":{"line":105,"column":44},"end":{"line":105,"column":60}}],"line":105}},"s":{"0":3,"1":3,"2":3,"3":3,"4":3,"5":3,"6":3,"7":3,"8":3,"9":3,"10":3,"11":3,"12":3,"13":3,"14":3,"15":3,"16":3,"17":3,"18":3,"19":3,"20":3,"21":3,"22":1,"23":0,"24":1,"25":1,"26":1,"27":1,"28":1,"29":1,"30":5,"31":5,"32":5,"33":5,"34":1,"35":1,"36":1,"37":1,"38":1,"39":4,"40":4,"41":4,"42":4,"43":4,"44":5,"45":5,"46":1,"47":1},"f":{"0":3,"1":3,"2":3,"3":3,"4":3,"5":1,"6":1,"7":5,"8":1},"b":{"0":[0,1],"1":[1,0],"2":[1,4],"3":[1,4]},"_coverageSchema":"1a1c01bbd47fc00a2c39e90264f33305004495a9","hash":"358a0fa2df82a260c023cc5bf33589b8d1b8f70c"}
}
