TN:
SF:www\src\data\GameData.js
FNF:0
FNH:0
DA:1,1
LF:1
LH:1
BRF:0
BRH:0
end_of_record
TN:
SF:www\src\data\config.js
FN:29,(anonymous_0)
FN:32,(anonymous_1)
FN:35,(anonymous_2)
FN:38,(anonymous_3)
FN:46,(anonymous_4)
FN:53,(anonymous_5)
FN:56,(anonymous_6)
FN:59,(anonymous_7)
FN:62,(anonymous_8)
FN:65,(anonymous_9)
FN:68,(anonymous_10)
FN:74,(anonymous_11)
FNF:12
FNH:10
FNDA:2,(anonymous_0)
FNDA:2,(anonymous_1)
FNDA:2,(anonymous_2)
FNDA:1,(anonymous_3)
FNDA:0,(anonymous_4)
FNDA:1,(anonymous_5)
FNDA:1,(anonymous_6)
FNDA:1,(anonymous_7)
FNDA:1,(anonymous_8)
FNDA:1,(anonymous_9)
FNDA:1,(anonymous_10)
FNDA:0,(anonymous_11)
DA:1,1
DA:30,2
DA:33,2
DA:36,2
DA:39,1
DA:47,0
DA:48,0
DA:49,0
DA:54,1
DA:57,1
DA:60,1
DA:63,1
DA:66,1
DA:69,1
DA:75,0
LF:15
LH:11
BRDA:47,0,0,0
BRDA:47,0,1,0
BRF:2
BRH:0
end_of_record
TN:
SF:www\src\managers\AudioManager.js
FN:10,(anonymous_0)
FN:17,(anonymous_1)
FN:25,(anonymous_2)
FN:30,(anonymous_3)
FN:44,(anonymous_4)
FN:51,(anonymous_5)
FNF:6
FNH:6
FNDA:2,(anonymous_0)
FNDA:3,(anonymous_1)
FNDA:1,(anonymous_2)
FNDA:4,(anonymous_3)
FNDA:2,(anonymous_4)
FNDA:2,(anonymous_5)
DA:3,1
DA:11,2
DA:12,2
DA:13,2
DA:14,2
DA:18,3
DA:19,3
DA:20,3
DA:21,1
DA:26,1
DA:27,1
DA:31,4
DA:33,3
DA:35,3
DA:40,3
DA:41,3
DA:45,2
DA:52,2
LF:18
LH:18
BRDA:20,0,0,1
BRDA:20,0,1,2
BRDA:30,1,0,3
BRDA:31,2,0,1
BRDA:31,2,1,3
BRDA:31,3,0,4
BRDA:31,3,1,2
BRDA:31,3,2,1
BRDA:33,4,0,1
BRDA:33,4,1,2
BRDA:44,5,0,1
BRDA:52,6,0,1
BRDA:52,6,1,1
BRF:13
BRH:13
end_of_record
TN:
SF:www\src\managers\CampaignManager.js
FN:19,(anonymous_0)
FN:26,(anonymous_1)
FN:33,(anonymous_2)
FN:38,(anonymous_3)
FN:48,(anonymous_4)
FN:61,(anonymous_5)
FN:69,(anonymous_6)
FN:87,(anonymous_7)
FN:92,(anonymous_8)
FNF:9
FNH:9
FNDA:1,(anonymous_0)
FNDA:10,(anonymous_1)
FNDA:1,(anonymous_2)
FNDA:3,(anonymous_3)
FNDA:6,(anonymous_4)
FNDA:2,(anonymous_5)
FNDA:3,(anonymous_6)
FNDA:2,(anonymous_7)
FNDA:2,(anonymous_8)
DA:3,1
DA:23,1
DA:27,10
DA:28,10
DA:29,10
DA:30,10
DA:34,1
DA:35,1
DA:39,3
DA:40,3
DA:41,3
DA:49,6
DA:51,5
DA:52,5
DA:54,5
DA:55,3
DA:58,2
DA:62,2
DA:64,1
DA:65,1
DA:66,1
DA:71,3
DA:72,3
DA:74,3
DA:75,1
DA:76,1
DA:79,2
DA:88,2
DA:89,1
DA:93,2
LF:30
LH:30
BRDA:49,0,0,1
BRDA:49,0,1,5
BRDA:54,1,0,3
BRDA:54,1,1,2
BRDA:62,2,0,1
BRDA:62,2,1,1
BRDA:74,3,0,1
BRDA:74,3,1,2
BRDA:88,4,0,1
BRDA:88,4,1,1
BRF:10
BRH:10
end_of_record
TN:
SF:www\src\managers\CombatManager.js
FN:11,(anonymous_0)
FNF:1
FNH:1
FNDA:4,(anonymous_0)
DA:4,1
DA:12,4
DA:13,1
DA:23,3
DA:24,1
DA:34,2
DA:39,1
DA:49,1
LF:8
LH:8
BRDA:12,0,0,1
BRDA:12,0,1,3
BRDA:23,1,0,1
BRDA:23,1,1,2
BRDA:34,2,0,1
BRDA:34,2,1,1
BRDA:35,3,0,2
BRDA:35,3,1,2
BRDA:35,3,2,1
BRDA:35,3,3,0
BRDA:35,3,4,1
BRDA:35,3,5,0
BRF:12
BRH:10
end_of_record
TN:
SF:www\src\managers\DataManager.js
FN:98,(anonymous_0)
FN:136,(anonymous_1)
FN:147,(anonymous_2)
FN:157,(anonymous_3)
FN:167,(anonymous_4)
FN:177,(anonymous_5)
FN:193,(anonymous_6)
FN:203,(anonymous_7)
FN:214,(anonymous_8)
FN:224,(anonymous_9)
FN:234,(anonymous_10)
FN:244,(anonymous_11)
FN:256,(anonymous_12)
FN:266,(anonymous_13)
FN:276,(anonymous_14)
FN:286,(anonymous_15)
FN:298,(anonymous_16)
FN:312,(anonymous_17)
FN:322,(anonymous_18)
FN:334,(anonymous_19)
FN:341,(anonymous_20)
FN:348,(anonymous_21)
FN:355,(anonymous_22)
FN:362,(anonymous_23)
FN:371,(anonymous_24)
FN:378,(anonymous_25)
FN:385,(anonymous_26)
FN:392,(anonymous_27)
FN:399,(anonymous_28)
FN:406,(anonymous_29)
FN:415,(anonymous_30)
FN:422,(anonymous_31)
FN:429,(anonymous_32)
FN:436,(anonymous_33)
FNF:34
FNH:34
FNDA:5,(anonymous_0)
FNDA:1,(anonymous_1)
FNDA:1,(anonymous_2)
FNDA:1,(anonymous_3)
FNDA:1,(anonymous_4)
FNDA:4,(anonymous_5)
FNDA:1,(anonymous_6)
FNDA:1,(anonymous_7)
FNDA:1,(anonymous_8)
FNDA:1,(anonymous_9)
FNDA:1,(anonymous_10)
FNDA:1,(anonymous_11)
FNDA:1,(anonymous_12)
FNDA:1,(anonymous_13)
FNDA:1,(anonymous_14)
FNDA:1,(anonymous_15)
FNDA:2,(anonymous_16)
FNDA:1,(anonymous_17)
FNDA:2,(anonymous_18)
FNDA:1,(anonymous_19)
FNDA:1,(anonymous_20)
FNDA:1,(anonymous_21)
FNDA:1,(anonymous_22)
FNDA:1,(anonymous_23)
FNDA:1,(anonymous_24)
FNDA:1,(anonymous_25)
FNDA:1,(anonymous_26)
FNDA:1,(anonymous_27)
FNDA:1,(anonymous_28)
FNDA:1,(anonymous_29)
FNDA:1,(anonymous_30)
FNDA:1,(anonymous_31)
FNDA:1,(anonymous_32)
FNDA:1,(anonymous_33)
DA:36,1
DA:54,1
DA:100,5
DA:101,5
DA:102,5
DA:103,5
DA:107,5
DA:110,5
DA:111,5
DA:112,5
DA:113,5
DA:114,5
DA:115,5
DA:118,5
DA:119,5
DA:120,5
DA:121,5
DA:123,5
DA:137,1
DA:138,1
DA:139,1
DA:148,1
DA:149,1
DA:158,1
DA:159,1
DA:168,1
DA:169,1
DA:178,4
DA:179,2
DA:180,2
DA:181,2
DA:183,2
DA:194,1
DA:195,1
DA:204,1
DA:205,1
DA:206,1
DA:215,1
DA:216,1
DA:225,1
DA:226,1
DA:235,1
DA:236,1
DA:245,1
DA:246,1
DA:257,1
DA:258,1
DA:267,1
DA:268,1
DA:277,1
DA:278,1
DA:287,1
DA:288,1
DA:299,2
DA:300,2
DA:301,2
DA:303,2
DA:304,2
DA:313,1
DA:314,1
DA:323,2
DA:324,2
DA:335,1
DA:342,1
DA:349,1
DA:356,1
DA:363,1
DA:372,1
DA:379,1
DA:386,1
DA:393,1
DA:400,1
DA:407,1
DA:416,1
DA:423,1
DA:430,1
DA:437,1
LF:77
LH:77
BRDA:137,0,0,1
BRDA:137,0,1,0
BRDA:178,1,0,2
BRDA:178,1,1,2
BRF:4
BRH:3
end_of_record
TN:
SF:www\src\managers\FatalityManager.js
FN:4,(anonymous_0)
FN:8,(anonymous_1)
FN:17,(anonymous_2)
FN:31,(anonymous_3)
FN:38,(anonymous_4)
FN:49,(anonymous_5)
FN:64,(anonymous_6)
FN:80,(anonymous_7)
FN:83,(anonymous_8)
FN:96,(anonymous_9)
FNF:10
FNH:10
FNDA:7,(anonymous_0)
FNDA:3,(anonymous_1)
FNDA:2,(anonymous_2)
FNDA:1,(anonymous_3)
FNDA:2,(anonymous_4)
FNDA:1,(anonymous_5)
FNDA:2,(anonymous_6)
FNDA:1,(anonymous_7)
FNDA:1,(anonymous_8)
FNDA:1,(anonymous_9)
DA:5,7
DA:10,3
DA:11,2
DA:12,1
DA:13,1
DA:14,1
DA:19,2
DA:20,2
DA:21,2
DA:23,2
DA:24,2
DA:32,1
DA:33,1
DA:40,2
DA:41,2
DA:43,2
DA:50,1
DA:51,1
DA:55,2
DA:56,2
DA:66,2
DA:67,2
DA:68,2
DA:69,2
DA:70,2
DA:71,2
DA:72,2
DA:73,2
DA:74,2
DA:76,2
DA:81,1
DA:84,1
DA:88,2
DA:97,1
LF:34
LH:34
BRDA:10,0,0,1
BRDA:10,0,1,2
BRDA:11,1,0,1
BRDA:11,1,1,1
BRDA:13,2,0,1
BRDA:13,2,1,0
BRDA:33,3,0,1
BRDA:33,3,1,0
BRDA:51,4,0,1
BRDA:51,4,1,0
BRDA:90,5,0,2
BRDA:90,5,1,0
BRDA:97,6,0,1
BRDA:97,6,1,0
BRF:14
BRH:9
end_of_record
TN:
SF:www\src\managers\MobileManager.js
FN:12,(anonymous_0)
FN:28,(anonymous_1)
FN:60,(anonymous_2)
FN:64,(anonymous_3)
FNF:4
FNH:4
FNDA:11,(anonymous_0)
FNDA:6,(anonymous_1)
FNDA:1,(anonymous_2)
FNDA:1,(anonymous_3)
DA:7,1
DA:13,11
DA:14,1
DA:15,1
DA:18,10
DA:20,10
DA:21,1
DA:24,1
DA:28,9
DA:30,6
DA:31,6
DA:32,1
DA:33,1
DA:37,5
DA:38,5
DA:40,5
DA:42,5
DA:43,1
DA:44,4
DA:45,1
DA:46,3
DA:47,1
DA:48,1
DA:49,2
DA:50,1
DA:51,1
DA:52,1
DA:60,9
DA:61,1
DA:64,9
DA:65,1
DA:68,9
LF:32
LH:32
BRDA:13,0,0,1
BRDA:13,0,1,10
BRDA:20,1,0,1
BRDA:20,1,1,9
BRDA:31,2,0,1
BRDA:31,2,1,5
BRDA:31,3,0,6
BRDA:31,3,1,6
BRDA:42,4,0,1
BRDA:42,4,1,4
BRDA:44,5,0,1
BRDA:44,5,1,3
BRDA:46,6,0,1
BRDA:46,6,1,2
BRDA:49,7,0,1
BRDA:49,7,1,1
BRDA:51,8,0,1
BRDA:51,8,1,0
BRF:18
BRH:17
end_of_record
TN:
SF:www\src\managers\OpponentAI.js
FN:8,(anonymous_0)
FN:10,(anonymous_1)
FNF:2
FNH:2
FNDA:12,(anonymous_0)
FNDA:36,(anonymous_1)
DA:9,12
DA:10,36
DA:11,12
DA:14,12
DA:16,10
DA:17,10
DA:18,8
DA:19,4
DA:22,10
DA:23,6
DA:24,6
DA:25,6
DA:26,6
DA:28,6
DA:29,6
DA:31,3
DA:32,3
DA:34,3
DA:37,0
DA:39,6
DA:40,6
DA:41,6
DA:42,6
DA:45,4
LF:24
LH:23
BRDA:9,0,0,12
BRDA:9,0,1,0
BRDA:14,1,0,2
BRDA:14,1,1,10
BRDA:17,2,0,2
BRDA:17,2,1,8
BRDA:18,3,0,4
BRDA:18,3,1,4
BRDA:19,4,0,4
BRDA:19,4,1,0
BRDA:22,5,0,6
BRDA:22,5,1,4
BRDA:29,6,0,3
BRDA:29,6,1,3
BRDA:32,7,0,3
BRDA:32,7,1,0
BRF:16
BRH:13
end_of_record
TN:
SF:www\src\managers\Storage.js
FN:6,(anonymous_0)
FN:10,(anonymous_1)
FN:17,(anonymous_2)
FN:23,(anonymous_3)
FN:24,(anonymous_4)
FN:49,(anonymous_5)
FN:67,(anonymous_6)
FN:84,(anonymous_7)
FNF:8
FNH:7
FNDA:12,(anonymous_0)
FNDA:12,(anonymous_1)
FNDA:3,(anonymous_2)
FNDA:1,(anonymous_3)
FNDA:0,(anonymous_4)
FNDA:3,(anonymous_5)
FNDA:3,(anonymous_6)
FNDA:3,(anonymous_7)
DA:6,1
DA:7,12
DA:10,1
DA:11,12
DA:13,1
DA:18,3
DA:19,3
DA:20,3
DA:21,3
DA:22,3
DA:23,1
DA:24,1
DA:26,1
DA:27,1
DA:28,2
DA:29,2
DA:32,2
DA:35,2
DA:36,2
DA:38,0
DA:41,1
DA:42,1
DA:50,3
DA:51,3
DA:52,3
DA:53,3
DA:54,2
DA:55,1
DA:56,1
DA:57,1
DA:60,1
DA:68,3
DA:69,3
DA:70,3
DA:71,3
DA:72,1
DA:73,2
DA:74,2
DA:77,1
DA:85,3
DA:86,3
DA:87,3
DA:88,3
DA:89,1
DA:90,2
DA:91,2
DA:94,1
LF:47
LH:46
BRDA:7,0,0,4
BRDA:7,0,1,8
BRDA:7,1,0,12
BRDA:7,1,1,4
BRDA:11,2,0,12
BRDA:11,2,1,0
BRDA:22,3,0,1
BRDA:22,3,1,2
BRDA:28,4,0,2
BRDA:28,4,1,0
BRDA:32,5,0,0
BRDA:32,5,1,2
BRDA:54,6,0,1
BRDA:54,6,1,1
BRDA:56,7,0,1
BRDA:56,7,1,0
BRDA:71,8,0,1
BRDA:71,8,1,2
BRDA:73,9,0,2
BRDA:73,9,1,0
BRDA:88,10,0,1
BRDA:88,10,1,2
BRDA:90,11,0,2
BRDA:90,11,1,0
BRF:24
BRH:18
end_of_record
TN:
SF:www\src\managers\TutorialManager.js
FN:5,(anonymous_0)
FN:10,(anonymous_1)
FN:16,(anonymous_2)
FN:42,(anonymous_3)
FN:48,(anonymous_4)
FNF:5
FNH:5
FNDA:5,(anonymous_0)
FNDA:2,(anonymous_1)
FNDA:3,(anonymous_2)
FNDA:1,(anonymous_3)
FNDA:1,(anonymous_4)
DA:6,5
DA:7,5
DA:11,2
DA:12,1
DA:17,3
DA:18,3
DA:19,3
DA:23,3
DA:30,3
DA:33,3
DA:34,3
DA:38,3
DA:41,3
DA:42,3
DA:43,1
DA:44,1
DA:48,1
DA:51,3
DA:52,3
DA:55,3
DA:56,3
LF:21
LH:21
BRDA:11,0,0,1
BRDA:11,0,1,1
BRF:2
BRH:2
end_of_record
TN:
SF:www\src\ui\components\Switch.js
FN:14,(anonymous_0)
FN:34,(anonymous_1)
FN:39,(anonymous_2)
FN:57,(anonymous_3)
FN:62,(anonymous_4)
FN:68,(anonymous_5)
FN:75,(anonymous_6)
FN:83,(anonymous_7)
FN:111,(anonymous_8)
FNF:9
FNH:9
FNDA:3,(anonymous_0)
FNDA:3,(anonymous_1)
FNDA:3,(anonymous_2)
FNDA:3,(anonymous_3)
FNDA:3,(anonymous_4)
FNDA:1,(anonymous_5)
FNDA:1,(anonymous_6)
FNDA:5,(anonymous_7)
FNDA:1,(anonymous_8)
DA:15,3
DA:17,3
DA:18,3
DA:19,3
DA:21,3
DA:22,3
DA:24,3
DA:25,3
DA:26,3
DA:27,3
DA:29,3
DA:31,3
DA:35,3
DA:36,3
DA:40,3
DA:47,3
DA:54,3
DA:58,3
DA:59,3
DA:63,3
DA:66,3
DA:68,3
DA:69,1
DA:70,1
DA:71,1
DA:76,1
DA:77,1
DA:78,1
DA:79,1
DA:84,5
DA:85,5
DA:86,5
DA:88,5
DA:89,1
DA:90,1
DA:91,1
DA:92,1
DA:93,1
DA:95,4
DA:96,4
DA:97,4
DA:98,4
DA:99,4
DA:102,5
DA:103,5
DA:112,1
DA:113,1
LF:47
LH:47
BRDA:69,0,0,0
BRDA:69,0,1,1
BRDA:78,1,0,1
BRDA:78,1,1,0
BRDA:88,2,0,1
BRDA:88,2,1,4
BRDA:105,3,0,1
BRDA:105,3,1,4
BRF:8
BRH:6
end_of_record
